<?xml version="1.0" encoding="UTF-8"?>
<!-- Generated by org.testng.reporters.JUnitXMLReporter -->
<testsuite ignored="0" hostname="Vediths-MacBook-Pro.local" failures="1" tests="3" name="Error Validations Test" time="83.911" errors="0" timestamp="2025-10-06T00:21:21 GMT+05:30">
  <testcase classname="VedithKumarJupaka.tests.ErrorValidationsTest" name="loginErrorValidation" time="6.518">
    <skipped/>
  </testcase> <!-- loginErrorValidation -->
  <testcase classname="VedithKumarJupaka.tests.ErrorValidationsTest" name="loginErrorValidation" time="5.866">
    <failure type="java.lang.AssertionError" message="expected [Incorrect email or password.] but found [Incorrect email password.]">
      <![CDATA[java.lang.AssertionError: expected [Incorrect email or password.] but found [Incorrect email password.]
at VedithKumarJupaka.tests.ErrorValidationsTest.loginErrorValidation(ErrorValidationsTest.java:26)
at java.base/java.util.ArrayList.forEach(ArrayList.java:1596)
at java.base/java.util.concurrent.FutureTask.run(FutureTask.java:317)
at java.base/java.util.concurrent.ThreadPoolExecutor.runWorker(ThreadPoolExecutor.java:1144)
at java.base/java.util.concurrent.ThreadPoolExecutor$Worker.run(ThreadPoolExecutor.java:642)
at java.base/java.lang.Thread.run(Thread.java:1583)
... Removed 21 stack frames]]>
    </failure>
  </testcase> <!-- loginErrorValidation -->
  <testcase classname="VedithKumarJupaka.tests.ErrorValidationsTest" name="productErrorValidation" time="20.932"/>
</testsuite> <!-- Error Validations Test -->
