<?xml version="1.0" encoding="UTF-8"?>
<!-- Generated by org.testng.reporters.JUnitXMLReporter -->
<testsuite ignored="0" hostname="Vediths-MacBook-Pro.local" failures="0" tests="3" name="Submit Order Test" time="113.454" errors="0" timestamp="2025-10-06T00:21:49 GMT+05:30">
  <testcase classname="VedithKumarJupaka.tests.SubmitOrderTest" name="submitOrder" time="30.213"/>
  <testcase classname="VedithKumarJupaka.tests.SubmitOrderTest" name="submitOrder" time="29.671"/>
  <testcase classname="VedithKumarJupaka.tests.SubmitOrderTest" name="orderHistoryTest" time="9.935"/>
</testsuite> <!-- Submit Order Test -->
