<?xml version="1.0" encoding="UTF-8"?>
<!-- Generated by org.testng.reporters.JUnitXMLReporter -->
<testsuite ignored="0" hostname="Vediths-MacBook-Pro.local" failures="0" tests="2" name="Error Validations Test" time="30.652" errors="0" timestamp="2025-10-09T01:19:57 IST">
  <testcase classname="VedithKumarJupaka.tests.ErrorValidationsTest" name="loginErrorValidation" time="1.108"/>
  <testcase classname="VedithKumarJupaka.tests.ErrorValidationsTest" name="productErrorValidation" time="22.372"/>
</testsuite> <!-- Error Validations Test -->
