<?xml version="1.0" encoding="UTF-8"?>
<!-- Generated by org.testng.reporters.JUnitXMLReporter -->
<testsuite ignored="0" hostname="Vediths-MacBook-Pro.local" failures="0" tests="3" name="Submit Order Test" time="41.999" errors="0" timestamp="2025-10-09T01:20:08 IST">
  <testcase classname="VedithKumarJupaka.tests.SubmitOrderTest" name="submitOrder" time="4.05"/>
  <testcase classname="VedithKumarJupaka.tests.SubmitOrderTest" name="submitOrder" time="22.025"/>
  <testcase classname="VedithKumarJupaka.tests.SubmitOrderTest" name="orderHistoryTest" time="4.693"/>
</testsuite> <!-- Submit Order Test -->
