<?xml version="1.0" encoding="UTF-8"?>
<testng-results ignored="0" total="5" passed="5" failed="0" skipped="0">
  <reporter-output>
  </reporter-output>
  <suite started-at="2025-10-09T01:19:26 IST" name="Suite" finished-at="2025-10-09T01:20:08 IST" duration-ms="41999">
    <groups>
      <group name="ErrorHandling">
        <method signature="ErrorValidationsTest.loginErrorValidation()[pri:0, instance:VedithKumarJupaka.tests.ErrorValidationsTest@14bdbc74]" name="loginErrorValidation" class="VedithKumarJupaka.tests.ErrorValidationsTest"/>
      </group> <!-- ErrorHandling -->
      <group name="Purchase">
        <method signature="SubmitOrderTest.submitOrder(java.util.HashMap)[pri:0, instance:VedithKumarJupaka.tests.SubmitOrderTest@4d0d9fe7]" name="submitOrder" class="VedithKumarJupaka.tests.SubmitOrderTest"/>
      </group> <!-- Purchase -->
    </groups>
    <test started-at="2025-10-09T01:19:26 IST" name="Error Validations Test" finished-at="2025-10-09T01:19:57 IST" duration-ms="30652">
      <class name="VedithKumarJupaka.tests.ErrorValidationsTest">
        <test-method is-config="true" signature="launchApplication()[pri:0, instance:VedithKumarJupaka.tests.ErrorValidationsTest@14bdbc74]" started-at="2025-10-09T01:19:26 IST" name="launchApplication" finished-at="2025-10-09T01:19:31 IST" duration-ms="4332" status="PASS">
          <reporter-output>
          </reporter-output>
        </test-method> <!-- launchApplication -->
        <test-method signature="loginErrorValidation()[pri:0, instance:VedithKumarJupaka.tests.ErrorValidationsTest@14bdbc74]" started-at="2025-10-09T01:19:31 IST" name="loginErrorValidation" finished-at="2025-10-09T01:19:32 IST" duration-ms="1108" status="PASS">
          <reporter-output>
          </reporter-output>
        </test-method> <!-- loginErrorValidation -->
        <test-method is-config="true" signature="tearDown()[pri:0, instance:VedithKumarJupaka.tests.ErrorValidationsTest@14bdbc74]" started-at="2025-10-09T01:19:32 IST" name="tearDown" finished-at="2025-10-09T01:19:32 IST" duration-ms="88" status="PASS">
          <reporter-output>
          </reporter-output>
        </test-method> <!-- tearDown -->
        <test-method is-config="true" signature="launchApplication()[pri:0, instance:VedithKumarJupaka.tests.ErrorValidationsTest@14bdbc74]" started-at="2025-10-09T01:19:32 IST" name="launchApplication" finished-at="2025-10-09T01:19:35 IST" duration-ms="2579" status="PASS">
          <reporter-output>
          </reporter-output>
        </test-method> <!-- launchApplication -->
        <test-method signature="productErrorValidation()[pri:0, instance:VedithKumarJupaka.tests.ErrorValidationsTest@14bdbc74]" started-at="2025-10-09T01:19:35 IST" name="productErrorValidation" finished-at="2025-10-09T01:19:57 IST" duration-ms="22372" status="PASS">
          <reporter-output>
          </reporter-output>
        </test-method> <!-- productErrorValidation -->
        <test-method is-config="true" signature="tearDown()[pri:0, instance:VedithKumarJupaka.tests.ErrorValidationsTest@14bdbc74]" started-at="2025-10-09T01:19:57 IST" name="tearDown" finished-at="2025-10-09T01:19:57 IST" duration-ms="143" status="PASS">
          <reporter-output>
          </reporter-output>
        </test-method> <!-- tearDown -->
      </class> <!-- VedithKumarJupaka.tests.ErrorValidationsTest -->
    </test> <!-- Error Validations Test -->
    <test started-at="2025-10-09T01:19:26 IST" name="Submit Order Test" finished-at="2025-10-09T01:20:08 IST" duration-ms="41999">
      <class name="VedithKumarJupaka.tests.SubmitOrderTest">
        <test-method is-config="true" signature="launchApplication()[pri:0, instance:VedithKumarJupaka.tests.SubmitOrderTest@4d0d9fe7]" started-at="2025-10-09T01:19:27 IST" name="launchApplication" finished-at="2025-10-09T01:19:32 IST" duration-ms="5801" status="PASS">
          <reporter-output>
          </reporter-output>
        </test-method> <!-- launchApplication -->
        <test-method signature="submitOrder(java.util.HashMap)[pri:0, instance:VedithKumarJupaka.tests.SubmitOrderTest@4d0d9fe7]" started-at="2025-10-09T01:19:32 IST" name="submitOrder" data-provider="getData" finished-at="2025-10-09T01:19:36 IST" duration-ms="4050" status="PASS">
          <params>
            <param index="0">
              <value>
                <![CDATA[{password=Qwerty@123456, product=ZARA COAT 3, email=jupaka.40@gmail.com}]]>
              </value>
            </param>
          </params>
          <reporter-output>
          </reporter-output>
        </test-method> <!-- submitOrder -->
        <test-method is-config="true" signature="tearDown()[pri:0, instance:VedithKumarJupaka.tests.SubmitOrderTest@4d0d9fe7]" started-at="2025-10-09T01:19:36 IST" name="tearDown" finished-at="2025-10-09T01:19:37 IST" duration-ms="127" status="PASS">
          <reporter-output>
          </reporter-output>
        </test-method> <!-- tearDown -->
        <test-method is-config="true" signature="launchApplication()[pri:0, instance:VedithKumarJupaka.tests.SubmitOrderTest@4d0d9fe7]" started-at="2025-10-09T01:19:37 IST" name="launchApplication" finished-at="2025-10-09T01:19:39 IST" duration-ms="2339" status="PASS">
          <reporter-output>
          </reporter-output>
        </test-method> <!-- launchApplication -->
        <test-method signature="submitOrder(java.util.HashMap)[pri:0, instance:VedithKumarJupaka.tests.SubmitOrderTest@4d0d9fe7]" started-at="2025-10-09T01:19:39 IST" name="submitOrder" data-provider="getData" finished-at="2025-10-09T01:20:01 IST" duration-ms="22025" status="PASS">
          <params>
            <param index="0">
              <value>
                <![CDATA[{password=Qwerty@123456, product=ADIDAS ORIGINAL, email=vedithkumarj@gmail.com}]]>
              </value>
            </param>
          </params>
          <reporter-output>
          </reporter-output>
        </test-method> <!-- submitOrder -->
        <test-method is-config="true" signature="tearDown()[pri:0, instance:VedithKumarJupaka.tests.SubmitOrderTest@4d0d9fe7]" started-at="2025-10-09T01:20:01 IST" name="tearDown" finished-at="2025-10-09T01:20:01 IST" duration-ms="111" status="PASS">
          <reporter-output>
          </reporter-output>
        </test-method> <!-- tearDown -->
        <test-method is-config="true" signature="launchApplication()[pri:0, instance:VedithKumarJupaka.tests.SubmitOrderTest@4d0d9fe7]" started-at="2025-10-09T01:20:01 IST" name="launchApplication" finished-at="2025-10-09T01:20:04 IST" duration-ms="2659" status="PASS">
          <reporter-output>
          </reporter-output>
        </test-method> <!-- launchApplication -->
        <test-method signature="orderHistoryTest()[pri:0, instance:VedithKumarJupaka.tests.SubmitOrderTest@4d0d9fe7]" started-at="2025-10-09T01:20:04 IST" name="orderHistoryTest" finished-at="2025-10-09T01:20:08 IST" depends-on-methods="VedithKumarJupaka.tests.SubmitOrderTest.submitOrder" duration-ms="4693" status="PASS">
          <reporter-output>
          </reporter-output>
        </test-method> <!-- orderHistoryTest -->
        <test-method is-config="true" signature="tearDown()[pri:0, instance:VedithKumarJupaka.tests.SubmitOrderTest@4d0d9fe7]" started-at="2025-10-09T01:20:08 IST" name="tearDown" finished-at="2025-10-09T01:20:08 IST" duration-ms="75" status="PASS">
          <reporter-output>
          </reporter-output>
        </test-method> <!-- tearDown -->
      </class> <!-- VedithKumarJupaka.tests.SubmitOrderTest -->
    </test> <!-- Submit Order Test -->
  </suite> <!-- Suite -->
</testng-results>
