<?xml version="1.0" encoding="UTF-8"?>
<!-- Generated by org.testng.reporters.JUnitReportReporter -->
<testsuite hostname="Vediths-MacBook-Pro.local" failures="0" tests="3" name="VedithKumarJupaka.tests.SubmitOrderTest" time="113.130" errors="0" timestamp="2025-10-06T00:21:50 GMT+05:30" skipped="0">
  <testcase classname="VedithKumarJupaka.tests.SubmitOrderTest" name="submitOrder" time="44.076"/>
  <testcase classname="VedithKumarJupaka.tests.SubmitOrderTest" name="orderHistoryTest" time="21.500"/>
  <testcase classname="VedithKumarJupaka.tests.SubmitOrderTest" name="submitOrder" time="47.554"/>
</testsuite> <!-- VedithKumarJupaka.tests.SubmitOrderTest -->
