<?xml version="1.0" encoding="UTF-8"?>
<!-- Generated by org.testng.reporters.JUnitReportReporter -->
<testsuite hostname="Vediths-MacBook-Pro.local" failures="0" tests="3" name="VedithKumarJupaka.tests.SubmitOrderTest" time="41.880" errors="0" timestamp="2025-10-09T01:20:09 IST" skipped="0">
  <testcase classname="VedithKumarJupaka.tests.SubmitOrderTest" name="submitOrder" time="6.784"/>
  <testcase classname="VedithKumarJupaka.tests.SubmitOrderTest" name="submitOrder" time="27.953"/>
  <testcase classname="VedithKumarJupaka.tests.SubmitOrderTest" name="orderHistoryTest" time="7.143"/>
</testsuite> <!-- VedithKumarJupaka.tests.SubmitOrderTest -->
