<?xml version="1.0" encoding="UTF-8"?>
<!-- Generated by org.testng.reporters.JUnitReportReporter -->
<testsuite hostname="Vediths-MacBook-Pro.local" failures="0" tests="2" name="VedithKumarJupaka.tests.ErrorValidationsTest" time="30.622" errors="0" timestamp="2025-10-09T01:20:09 IST" skipped="0">
  <testcase classname="VedithKumarJupaka.tests.ErrorValidationsTest" name="loginErrorValidation" time="3.775"/>
  <testcase classname="VedithKumarJupaka.tests.ErrorValidationsTest" name="productErrorValidation" time="26.847"/>
</testsuite> <!-- VedithKumarJupaka.tests.ErrorValidationsTest -->
